2025-10-25 14:54:21,034 [INFO] Total folders found: 350
2025-10-25 14:54:21,416 [INFO] [ok] lPJUQsSIxm: graphs generated
2025-10-25 14:54:21,598 [INFO] [ok] Qro97zWC29: graphs generated
2025-10-25 14:54:21,779 [INFO] [ok] scKAXgonmq: graphs generated
2025-10-25 14:54:21,952 [INFO] [ok] Tkkrm3pA35: graphs generated
2025-10-25 14:54:22,129 [INFO] [ok] cWHonXThtM: graphs generated
2025-10-25 14:54:22,324 [INFO] [ok] Wvi8c0tgvt: graphs generated
2025-10-25 14:54:22,498 [INFO] [ok] WOt1owGfuN: graphs generated
2025-10-25 14:54:22,678 [INFO] [ok] 69Fp4dcmJN: graphs generated
2025-10-25 14:54:22,871 [INFO] [ok] 3IFRygQKGL: graphs generated
2025-10-25 14:54:23,040 [INFO] [ok] 2ATD8a8P3C: graphs generated
2025-10-25 14:54:23,218 [INFO] [ok] lmKJ1b6PaL: graphs generated
2025-10-25 14:54:23,399 [INFO] [ok] 3PDklqqqfN: graphs generated
2025-10-25 14:54:23,577 [INFO] [ok] SI2hI0frk6: graphs generated
2025-10-25 14:54:23,760 [INFO] [ok] fGhr39bqZa: graphs generated
2025-10-25 14:54:23,959 [INFO] [ok] iOMnn1hSBO: graphs generated
2025-10-25 14:54:24,135 [INFO] [ok] UvfI4grcM7: graphs generated
2025-10-25 14:54:24,312 [INFO] [ok] armbJRJdrH: graphs generated
2025-10-25 14:54:24,505 [INFO] [ok] sLKDbuyq99: graphs generated
2025-10-25 14:54:24,721 [INFO] [ok] pB1XSj2y4X: graphs generated
2025-10-25 14:54:24,920 [INFO] [ok] HQHnhVQznF: graphs generated
2025-10-25 14:54:25,101 [INFO] [ok] din0lGfZFd: graphs generated
2025-10-25 14:54:25,281 [INFO] [ok] f7KxfUrRSb: graphs generated
2025-10-25 14:54:25,463 [INFO] [ok] QjO0fUlVYK: graphs generated
2025-10-25 14:54:25,642 [INFO] [ok] MnJzJ2gvuf: graphs generated
2025-10-25 14:54:25,817 [INFO] [ok] 0oWGVvC6oq: graphs generated
2025-10-25 14:54:25,997 [INFO] [ok] keu6sxrPWn: graphs generated
2025-10-25 14:54:26,172 [INFO] [ok] falBlwUsIH: graphs generated
2025-10-25 14:54:26,366 [INFO] [ok] TjP1d8PP8l: graphs generated
2025-10-25 14:54:26,543 [INFO] [ok] owEQ0FTfVj: graphs generated
2025-10-25 14:54:26,726 [INFO] [ok] eENHKMTOfW: graphs generated
2025-10-25 14:54:26,904 [INFO] [ok] kx8i1yfkRX: graphs generated
2025-10-25 14:54:27,090 [INFO] [ok] LBl7Hez0fF: graphs generated
2025-10-25 14:54:27,269 [INFO] [ok] xIUUnzrUtD: graphs generated
2025-10-25 14:54:27,451 [INFO] [ok] XAN8G0rvoB: graphs generated
2025-10-25 14:54:27,622 [INFO] [ok] PUnD86UEK5: graphs generated
2025-10-25 14:54:27,803 [INFO] [ok] JVkdSi7Ekg: graphs generated
2025-10-25 14:54:28,004 [INFO] [ok] v6iLQBoIJw: graphs generated
2025-10-25 14:54:28,177 [INFO] [ok] RoN6NnHjn4: graphs generated
2025-10-25 14:54:28,360 [INFO] [ok] JDzTI9rKls: graphs generated
2025-10-25 14:54:28,536 [INFO] [ok] t8fu5m8R5m: graphs generated
2025-10-25 14:54:28,712 [INFO] [ok] M42KR4W9P5: graphs generated
2025-10-25 14:54:28,892 [INFO] [ok] JkCJBoNUcU: graphs generated
2025-10-25 14:54:29,072 [INFO] [ok] M29nUGozPa: graphs generated
2025-10-25 14:54:29,250 [INFO] [ok] l2zFn6TIQi: graphs generated
2025-10-25 14:54:29,433 [INFO] [ok] cKlzKs3Nnb: graphs generated
2025-10-25 14:54:29,637 [INFO] [ok] W8xukd70cU: graphs generated
2025-10-25 14:54:29,823 [INFO] [ok] 4w99NAikOE: graphs generated
2025-10-25 14:54:30,009 [INFO] [ok] j7cyANIAxV: graphs generated
2025-10-25 14:54:30,194 [INFO] [ok] zJjzNj6QUe: graphs generated
2025-10-25 14:54:30,398 [INFO] [ok] uHLgDEgiS5: graphs generated
2025-10-25 14:54:30,572 [INFO] [ok] d8hYXbxX71: graphs generated
2025-10-25 14:54:30,748 [INFO] [ok] OQqNieeivq: graphs generated
2025-10-25 14:54:30,934 [INFO] [ok] SiH7DwNKZZ: graphs generated
2025-10-25 14:54:31,122 [INFO] [ok] P4XmKjXTrM: graphs generated
2025-10-25 14:54:31,330 [INFO] [ok] hoYFLRNbhc: graphs generated
2025-10-25 14:54:31,507 [INFO] [ok] DJSZGGZYVi: graphs generated
2025-10-25 14:54:31,686 [INFO] [ok] c4OGMNyzPT: graphs generated
2025-10-25 14:54:31,872 [INFO] [ok] qpXctF2aLZ: graphs generated
2025-10-25 14:54:32,055 [INFO] [ok] nNYA7tcJSE: graphs generated
2025-10-25 14:54:32,234 [INFO] [ok] 97D725GJtQ: graphs generated
2025-10-25 14:54:32,415 [INFO] [ok] RaR3ETzyKp: graphs generated
2025-10-25 14:54:32,598 [INFO] [ok] l11DZY5Nxu: graphs generated
2025-10-25 14:54:32,777 [INFO] [ok] dgR6i4TSng: graphs generated
2025-10-25 14:54:33,021 [INFO] [ok] OUuhwVsk9Z: graphs generated
2025-10-25 14:54:33,201 [INFO] [ok] 0fJfVOSUra: graphs generated
2025-10-25 14:54:33,379 [INFO] [ok] HfWcFs7XLR: graphs generated
2025-10-25 14:54:33,565 [INFO] [ok] kGvXIlIVLM: graphs generated
2025-10-25 14:54:33,784 [INFO] [ok] 5WEpbilssv: graphs generated
2025-10-25 14:54:33,970 [INFO] [ok] eWNEqdH0vk: graphs generated
2025-10-25 14:54:34,151 [INFO] [ok] RavSZTIe2s: graphs generated
2025-10-25 14:54:34,333 [INFO] [ok] MQXrTMonT1: graphs generated
2025-10-25 14:54:34,512 [INFO] [ok] yitH9xAHQs: graphs generated
2025-10-25 14:54:34,702 [INFO] [ok] ws5phQki00: graphs generated
2025-10-25 14:54:34,905 [INFO] [ok] zqtql1YmlS: graphs generated
2025-10-25 14:54:35,084 [INFO] [ok] LTDtjrv02Y: graphs generated
2025-10-25 14:54:35,275 [INFO] [ok] dj0TktJcVI: graphs generated
2025-10-25 14:54:35,461 [INFO] [ok] awz1JPyXNK: graphs generated
2025-10-25 14:54:35,647 [INFO] [ok] 5xmXUwDxep: graphs generated
2025-10-25 14:54:35,827 [INFO] [ok] Cnwz9jONi5: graphs generated
2025-10-25 14:54:36,014 [INFO] [ok] FoF5RaA3ug: graphs generated
2025-10-25 14:54:36,189 [INFO] [ok] AvOhBgsE5R: graphs generated
2025-10-25 14:54:36,369 [INFO] [ok] 9FqARW7dwB: graphs generated
2025-10-25 14:54:36,575 [INFO] [ok] QG31By6S6w: graphs generated
2025-10-25 14:54:36,754 [INFO] [ok] 8DBTq09LgN: graphs generated
2025-10-25 14:54:36,950 [INFO] [ok] 0yvZm2AjUr: graphs generated
2025-10-25 14:54:37,136 [INFO] [ok] YK9G4Htdew: graphs generated
2025-10-25 14:54:37,317 [INFO] [ok] ugXGFCS6HK: graphs generated
2025-10-25 14:54:37,498 [INFO] [ok] XnDyddPcBT: graphs generated
2025-10-25 14:54:37,686 [INFO] [ok] 2ea5TNVR0c: graphs generated
2025-10-25 14:54:37,862 [INFO] [ok] 5ZEbpBYGwH: graphs generated
2025-10-25 14:54:38,049 [INFO] [ok] tIBAOcAvn4: graphs generated
2025-10-25 14:54:38,255 [INFO] [ok] MWHIIWrWWu: graphs generated
2025-10-25 14:54:38,433 [INFO] [ok] 6qUUgw9bAZ: graphs generated
2025-10-25 14:54:38,616 [INFO] [ok] Z8RZrvngm5: graphs generated
2025-10-25 14:54:38,800 [INFO] [ok] cC3LxGZasH: graphs generated
2025-10-25 14:54:38,981 [INFO] [ok] pHe4P1IVnb: graphs generated
2025-10-25 14:54:39,156 [INFO] [ok] Q6PAnqYVpo: graphs generated
2025-10-25 14:54:39,352 [INFO] [ok] kiOxNsrpQy: graphs generated
2025-10-25 14:54:39,538 [INFO] [ok] vmulbBDCan: graphs generated
2025-10-25 14:54:39,716 [INFO] [ok] x83w6yGIWb: graphs generated
2025-10-25 14:54:39,895 [INFO] [ok] nDj45w5wam: graphs generated
2025-10-25 14:54:40,096 [INFO] [ok] GBfYgjOfSe: graphs generated
2025-10-25 14:54:40,280 [INFO] [ok] Trf0R8eoGF: graphs generated
2025-10-25 14:54:40,456 [INFO] [ok] X9OfMNNepI: graphs generated
2025-10-25 14:54:40,634 [INFO] [ok] pymXpl4qvi: graphs generated
2025-10-25 14:54:40,811 [INFO] [ok] iylpeTI0Ql: graphs generated
2025-10-25 14:54:40,997 [INFO] [ok] BAelAyADqn: graphs generated
2025-10-25 14:54:41,208 [INFO] [ok] 9HsfTgflT7: graphs generated
2025-10-25 14:54:41,394 [INFO] [ok] iXCeQ2m6vT: graphs generated
2025-10-25 14:54:41,570 [INFO] [ok] yWoV4Ca6ji: graphs generated
2025-10-25 14:54:41,795 [INFO] [ok] eB7T1bqthA: graphs generated
2025-10-25 14:54:41,976 [INFO] [ok] zjeHLSiNv1: graphs generated
2025-10-25 14:54:42,160 [INFO] [ok] GlAeL0I8LX: graphs generated
2025-10-25 14:54:42,366 [INFO] [ok] nDvgHIBRxQ: graphs generated
2025-10-25 14:54:42,605 [INFO] [ok] gTwRMU3lJ5: graphs generated
2025-10-25 14:54:42,787 [INFO] [ok] vh1e2WJfZp: graphs generated
2025-10-25 14:54:42,975 [INFO] [ok] hJVdwBpWjt: graphs generated
2025-10-25 14:54:43,154 [INFO] [ok] 6HcnC3pPkp: graphs generated
2025-10-25 14:54:43,386 [INFO] [ok] KGZAs8VcOM: graphs generated
2025-10-25 14:54:43,595 [INFO] [ok] svp1EBA6hA: graphs generated
2025-10-25 14:54:43,800 [INFO] [ok] vzrs42hgb0: graphs generated
2025-10-25 14:54:43,981 [INFO] [ok] tZdqL5FH7w: graphs generated
2025-10-25 14:54:44,162 [INFO] [ok] rTQNGQxm4K: graphs generated
2025-10-25 14:54:44,344 [INFO] [ok] fv9XU7CyN2: graphs generated
2025-10-25 14:54:44,525 [INFO] [ok] Pujt3ADZgI: graphs generated
2025-10-25 14:54:44,703 [INFO] [ok] JtGPIZpOrz: graphs generated
2025-10-25 14:54:44,883 [INFO] [ok] YslOW2SO6S: graphs generated
2025-10-25 14:54:45,060 [INFO] [ok] oQoQ4u6MQC: graphs generated
2025-10-25 14:54:45,245 [INFO] [ok] nYjAzwor9R: graphs generated
2025-10-25 14:54:45,454 [INFO] [ok] HE6pJoNnFp: graphs generated
2025-10-25 14:54:45,635 [INFO] [ok] TEkoMEjf7E: graphs generated
2025-10-25 14:54:45,823 [INFO] [ok] 8G3FyfHIko: graphs generated
2025-10-25 14:54:46,007 [INFO] [ok] Mfnh1Sqdwf: graphs generated
2025-10-25 14:54:46,191 [INFO] [ok] LGafQ1g2D2: graphs generated
2025-10-25 14:54:46,375 [INFO] [ok] pDDODPtpx9: graphs generated
2025-10-25 14:54:46,556 [INFO] [ok] B2Fqu7Y2cd: graphs generated
2025-10-25 14:54:46,737 [INFO] [ok] tozlOEN4qp: graphs generated
2025-10-25 14:54:46,919 [INFO] [ok] roNSXZpUDN: graphs generated
2025-10-25 14:54:47,101 [INFO] [ok] I4e82CIDxv: graphs generated
2025-10-25 14:54:47,304 [INFO] [ok] MKEHCx25xp: graphs generated
2025-10-25 14:54:47,478 [INFO] [ok] 0DZEs8NpUH: graphs generated
2025-10-25 14:54:47,658 [INFO] [ok] PpYy0dR3Qw: graphs generated
2025-10-25 14:54:47,844 [INFO] [ok] vf5aUZT0Fz: graphs generated
2025-10-25 14:54:48,030 [INFO] [ok] 4ua4wyAQLm: graphs generated
2025-10-25 14:54:48,212 [INFO] [ok] Kpjvm2mB0K: graphs generated
2025-10-25 14:54:48,401 [INFO] [ok] mYgoNEsUDi: graphs generated
2025-10-25 14:54:48,583 [INFO] [ok] WeJEidTzff: graphs generated
2025-10-25 14:54:48,763 [INFO] [ok] EV7FMBZxnx: graphs generated
2025-10-25 14:54:49,009 [INFO] [ok] kmgrlG9TR0: graphs generated
2025-10-25 14:54:49,194 [INFO] [ok] oZkqkkvdND: graphs generated
2025-10-25 14:54:49,371 [INFO] [ok] E48QvQppIN: graphs generated
2025-10-25 14:54:49,551 [INFO] [ok] z2z9suDRjw: graphs generated
2025-10-25 14:54:49,738 [INFO] [ok] stK7iOPH9Q: graphs generated
2025-10-25 14:54:49,919 [INFO] [ok] N5fVv6PZGz: graphs generated
2025-10-25 14:54:50,104 [INFO] [ok] 7YXaOvunqo: graphs generated
2025-10-25 14:54:50,283 [INFO] [ok] slO3xTt4CG: graphs generated
2025-10-25 14:54:50,458 [INFO] [ok] DhH3LbA6F6: graphs generated
2025-10-25 14:54:50,635 [INFO] [ok] VmJdqhuTCh: graphs generated
2025-10-25 14:54:50,840 [INFO] [ok] 5RZoYIT3u6: graphs generated
2025-10-25 14:54:51,016 [INFO] [ok] 66NzcRQuOq: graphs generated
2025-10-25 14:54:51,198 [INFO] [ok] JvH4jDDcG3: graphs generated
2025-10-25 14:54:51,378 [INFO] [ok] 2IoFFexvuw: graphs generated
2025-10-25 14:54:51,555 [INFO] [ok] zfeso8ceqr: graphs generated
2025-10-25 14:54:51,755 [INFO] [ok] rvXdGL4pCJ: graphs generated
2025-10-25 14:54:51,943 [INFO] [ok] kbm6tsICar: graphs generated
2025-10-25 14:54:52,141 [INFO] [ok] 21rSeWJHPF: graphs generated
2025-10-25 14:54:52,325 [INFO] [ok] h1XoHOd19I: graphs generated
2025-10-25 14:54:52,536 [INFO] [ok] YLIsIzC74j: graphs generated
2025-10-25 14:54:52,718 [INFO] [ok] PY56Wur7S0: graphs generated
2025-10-25 14:54:52,904 [INFO] [ok] MT3aOfXIbY: graphs generated
2025-10-25 14:54:53,085 [INFO] [ok] Essg9kb4yx: graphs generated
2025-10-25 14:54:53,264 [INFO] [ok] DSsSPr0RZJ: graphs generated
2025-10-25 14:54:53,439 [INFO] [ok] GLWf2fq0bX: graphs generated
2025-10-25 14:54:53,613 [INFO] [ok] dDpB23VbVa: graphs generated
2025-10-25 14:54:53,794 [INFO] [ok] 8HuLgtjqOD: graphs generated
2025-10-25 14:54:53,970 [INFO] [ok] fNMKqyvuZT: graphs generated
2025-10-25 14:54:54,170 [INFO] [ok] WLSrq1254E: graphs generated
2025-10-25 14:54:54,349 [INFO] [ok] vJkktqyU8B: graphs generated
2025-10-25 14:54:54,525 [INFO] [ok] WwmtcGr4lP: graphs generated
2025-10-25 14:54:54,699 [INFO] [ok] 9HK2rHNAhd: graphs generated
2025-10-25 14:54:54,881 [INFO] [ok] ZTpWOwMrzQ: graphs generated
2025-10-25 14:54:55,080 [INFO] [ok] f65RuQgVlp: graphs generated
2025-10-25 14:54:55,265 [INFO] [ok] 1ThYY28HXg: graphs generated
2025-10-25 14:54:55,440 [INFO] [ok] wJv4AIt4sK: graphs generated
2025-10-25 14:54:55,648 [INFO] [ok] Vp2OAxMs2s: graphs generated
2025-10-25 14:54:55,827 [INFO] [ok] wm5wwAdiEt: graphs generated
2025-10-25 14:54:56,035 [INFO] [ok] Bp0HBaMNRl: graphs generated
2025-10-25 14:54:56,214 [INFO] [ok] 62Ff8LDAJZ: graphs generated
2025-10-25 14:54:56,398 [INFO] [ok] uMEsKEiB7J: graphs generated
2025-10-25 14:54:56,580 [INFO] [ok] I4YAIwrsXa: graphs generated
2025-10-25 14:54:56,766 [INFO] [ok] ho4mNiwr2n: graphs generated
2025-10-25 14:54:56,944 [INFO] [ok] ozZG5FXuTV: graphs generated
2025-10-25 14:54:57,119 [INFO] [ok] Hz4BYVY8YM: graphs generated
2025-10-25 14:54:57,301 [INFO] [ok] IIVYiJ1ggK: graphs generated
2025-10-25 14:54:57,478 [INFO] [ok] CbpWPbYHuv: graphs generated
2025-10-25 14:54:57,677 [INFO] [ok] YzxMu1asQi: graphs generated
2025-10-25 14:54:57,855 [INFO] [ok] izjNI5bcOV: graphs generated
2025-10-25 14:54:58,035 [INFO] [ok] S4dItvpvAv: graphs generated
2025-10-25 14:54:58,216 [INFO] [ok] yRKelogz5i: graphs generated
2025-10-25 14:54:58,401 [INFO] [ok] Ev4iw23gdI: graphs generated
2025-10-25 14:54:58,579 [INFO] [ok] iXbUquaWbl: graphs generated
2025-10-25 14:54:58,757 [INFO] [ok] cznqgb4DNv: graphs generated
2025-10-25 14:54:58,940 [INFO] [ok] 6XUSDvBFkV: graphs generated
2025-10-25 14:54:59,119 [INFO] [ok] yVGGtsOgc7: graphs generated
2025-10-25 14:54:59,294 [INFO] [ok] xPxHQHDH2u: graphs generated
2025-10-25 14:54:59,496 [INFO] [ok] WzCEiBILHu: graphs generated
2025-10-25 14:54:59,678 [INFO] [ok] FSjIrOm1vz: graphs generated
2025-10-25 14:54:59,856 [INFO] [ok] dliIIodM6b: graphs generated
2025-10-25 14:55:00,040 [INFO] [ok] rxVvRBgqmS: graphs generated
2025-10-25 14:55:00,228 [INFO] [ok] 7xCSK9BLPy: graphs generated
2025-10-25 14:55:00,403 [INFO] [ok] 6RiBl5sCDF: graphs generated
2025-10-25 14:55:00,577 [INFO] [ok] SOWZ59UyNc: graphs generated
2025-10-25 14:55:00,764 [INFO] [ok] lqHv6dxBkj: graphs generated
2025-10-25 14:55:00,942 [INFO] [ok] WOzffPgVjF: graphs generated
2025-10-25 14:55:01,163 [INFO] [ok] d8cnezVcaW: graphs generated
2025-10-25 14:55:01,344 [INFO] [ok] hgwGi81ndj: graphs generated
2025-10-25 14:55:01,522 [INFO] [ok] 1SYUKPeM12: graphs generated
2025-10-25 14:55:01,704 [INFO] [ok] OhUoTMxFIH: graphs generated
2025-10-25 14:55:01,886 [INFO] [ok] W2Wkp9MQsF: graphs generated
2025-10-25 14:55:02,064 [INFO] [ok] pbre0HKsfE: graphs generated
2025-10-25 14:55:02,239 [INFO] [ok] wQEdh2cgEk: graphs generated
2025-10-25 14:55:02,415 [INFO] [ok] hXm0Wu2U9K: graphs generated
2025-10-25 14:55:02,594 [INFO] [ok] 8X74NZpARg: graphs generated
2025-10-25 14:55:02,773 [INFO] [ok] tZCqSVncRf: graphs generated
2025-10-25 14:55:02,981 [INFO] [ok] gU4ZgQNsOC: graphs generated
2025-10-25 14:55:03,159 [INFO] [ok] lBntjGbyv0: graphs generated
2025-10-25 14:55:03,342 [INFO] [ok] M8OGl34Pmg: graphs generated
2025-10-25 14:55:03,527 [INFO] [ok] R4h5PXzUuU: graphs generated
2025-10-25 14:55:03,709 [INFO] [ok] xQBRrtQM8u: graphs generated
2025-10-25 14:55:03,888 [INFO] [ok] xnssGv9rpW: graphs generated
2025-10-25 14:55:04,078 [INFO] [ok] YuHQTo6G9S: graphs generated
2025-10-25 14:55:04,266 [INFO] [ok] 3bcN6xlO6f: graphs generated
2025-10-25 14:55:04,444 [INFO] [ok] 3MnMGLctKb: graphs generated
2025-10-25 14:55:04,654 [INFO] [ok] chanJGoa7f: graphs generated
2025-10-25 14:55:04,837 [INFO] [ok] 9OfKxKoYNw: graphs generated
2025-10-25 14:55:05,022 [INFO] [ok] We5z3UEnUY: graphs generated
2025-10-25 14:55:05,203 [INFO] [ok] pPQPQ7Yd58: graphs generated
2025-10-25 14:55:05,382 [INFO] [ok] z8PcUSKXXN: graphs generated
2025-10-25 14:55:05,566 [INFO] [ok] oU3tpaR8fm: graphs generated
2025-10-25 14:55:05,757 [INFO] [ok] SVRRQ8goQo: graphs generated
2025-10-25 14:55:05,939 [INFO] [ok] eNbA8Fqir4: graphs generated
2025-10-25 14:55:06,122 [INFO] [ok] CexatBp6rx: graphs generated
2025-10-25 14:55:06,324 [INFO] [ok] or8mMhmyRV: graphs generated
2025-10-25 14:55:06,503 [INFO] [ok] UpQLu9bzAR: graphs generated
2025-10-25 14:55:06,689 [INFO] [ok] ZsP3YbYeE9: graphs generated
2025-10-25 14:55:06,870 [INFO] [ok] 9VGTk2NYjF: graphs generated
2025-10-25 14:55:07,085 [INFO] [ok] faDMOmnsjx: graphs generated
2025-10-25 14:55:07,277 [INFO] [ok] 9Ieq8jQNAl: graphs generated
2025-10-25 14:55:07,457 [INFO] [ok] oDbiL9CLoS: graphs generated
2025-10-25 14:55:07,640 [INFO] [ok] JBXO05r4AV: graphs generated
2025-10-25 14:55:07,822 [INFO] [ok] K7xpl3LZQp: graphs generated
2025-10-25 14:55:08,003 [INFO] [ok] PkpNRmBZ32: graphs generated
2025-10-25 14:55:08,202 [INFO] [ok] u1cQYxRI1H: graphs generated
2025-10-25 14:55:08,392 [INFO] [ok] BWS5gVjgeY: graphs generated
2025-10-25 14:55:08,579 [INFO] [ok] e8qXTxMgPg: graphs generated
2025-10-25 14:55:08,761 [INFO] [ok] cmYScmfu4Q: graphs generated
2025-10-25 14:55:08,951 [INFO] [ok] 0mtz0pet1z: graphs generated
2025-10-25 14:55:09,136 [INFO] [ok] NUD03NBDOE: graphs generated
2025-10-25 14:55:09,318 [INFO] [ok] 6jxUsDAdAu: graphs generated
2025-10-25 14:55:09,503 [INFO] [ok] rAoEub6Nw2: graphs generated
2025-10-25 14:55:09,684 [INFO] [ok] Pj4Aid3XqL: graphs generated
2025-10-25 14:55:09,937 [INFO] [ok] 3n6DYH3cIP: graphs generated
2025-10-25 14:55:10,192 [INFO] [ok] v1f6c7wVBm: graphs generated
2025-10-25 14:55:10,387 [INFO] [ok] l0gZS0sAlf: graphs generated
2025-10-25 14:55:10,563 [INFO] [ok] jE5ZbtMtcU: graphs generated
2025-10-25 14:55:10,752 [INFO] [ok] Gq7RDMeZi4: graphs generated
2025-10-25 14:55:10,931 [INFO] [ok] 9OJflnNu6C: graphs generated
2025-10-25 14:55:11,116 [INFO] [ok] Tpjq66xwTq: graphs generated
2025-10-25 14:55:11,300 [INFO] [ok] d1NWq4PjJW: graphs generated
2025-10-25 14:55:11,476 [INFO] [ok] IXyfbaGlps: graphs generated
2025-10-25 14:55:11,656 [INFO] [ok] hPOt3yUXii: graphs generated
2025-10-25 14:55:11,858 [INFO] [ok] 84WmbzikPP: graphs generated
2025-10-25 14:55:12,043 [INFO] [ok] 2ZK8zyIt7o: graphs generated
2025-10-25 14:55:12,217 [INFO] [ok] Frok9AItud: graphs generated
2025-10-25 14:55:12,413 [INFO] [ok] rDLgnYLM5b: graphs generated
2025-10-25 14:55:12,595 [INFO] [ok] rGP2jbWt0l: graphs generated
2025-10-25 14:55:12,784 [INFO] [ok] j8lqABLgub: graphs generated
2025-10-25 14:55:12,962 [INFO] [ok] vQhn4wrQ6j: graphs generated
2025-10-25 14:55:13,151 [INFO] [ok] WpZyPk79Fu: graphs generated
2025-10-25 14:55:13,330 [INFO] [ok] NWb128pSCb: graphs generated
2025-10-25 14:55:13,534 [INFO] [ok] i3e92uSZCp: graphs generated
2025-10-25 14:55:13,715 [INFO] [ok] pPyJyeLriR: graphs generated
2025-10-25 14:55:13,898 [INFO] [ok] B9kUJuWrYC: graphs generated
2025-10-25 14:55:14,077 [INFO] [ok] 60Vd7QOXlM: graphs generated
2025-10-25 14:55:14,262 [INFO] [ok] 5IWJBStfU7: graphs generated
2025-10-25 14:55:14,443 [INFO] [ok] t8KLjiFNwn: graphs generated
2025-10-25 14:55:14,622 [INFO] [ok] YcML3rJl0N: graphs generated
2025-10-25 14:55:14,804 [INFO] [ok] RAyRXQjsFl: graphs generated
2025-10-25 14:55:14,995 [INFO] [ok] Ze4aPP0tIn: graphs generated
2025-10-25 14:55:15,181 [INFO] [ok] SgymXhOEA5: graphs generated
2025-10-25 14:55:15,383 [INFO] [ok] vr1QdCNJmN: graphs generated
2025-10-25 14:55:15,563 [INFO] [ok] aSy2nYwiZ2: graphs generated
2025-10-25 14:55:15,742 [INFO] [ok] wmV4cIbgl6: graphs generated
2025-10-25 14:55:15,935 [INFO] [ok] QC2qE1tcmd: graphs generated
2025-10-25 14:55:16,115 [INFO] [ok] UiEjzBRYeI: graphs generated
2025-10-25 14:55:16,297 [INFO] [ok] ZFxpclrCCf: graphs generated
2025-10-25 14:55:16,479 [INFO] [ok] nsCOeCLR8e: graphs generated
2025-10-25 14:55:16,663 [INFO] [ok] KEXoZxTwbr: graphs generated
2025-10-25 14:55:16,850 [INFO] [ok] 96beVMeHh9: graphs generated
2025-10-25 14:55:17,047 [INFO] [ok] 6jjAYmppGQ: graphs generated
2025-10-25 14:55:17,229 [INFO] [ok] 2e4ECh0ikn: graphs generated
2025-10-25 14:55:17,414 [INFO] [ok] 9NfHbWKqMF: graphs generated
2025-10-25 14:55:17,595 [INFO] [ok] uREg3OHjLL: graphs generated
2025-10-25 14:55:17,778 [INFO] [ok] rpouyo09V0: graphs generated
2025-10-25 14:55:17,959 [INFO] [ok] VQwI055flA: graphs generated
2025-10-25 14:55:18,149 [INFO] [ok] CI4sCBMXjP: graphs generated
2025-10-25 14:55:18,333 [INFO] [ok] N8Oj1XhtYZ: graphs generated
2025-10-25 14:55:18,514 [INFO] [ok] tn2mjzjSyR: graphs generated
2025-10-25 14:55:18,695 [INFO] [ok] bc3sUsS6ck: graphs generated
2025-10-25 14:55:18,904 [INFO] [ok] oRlANEuqG5: graphs generated
2025-10-25 14:55:19,090 [INFO] [ok] GcbhbZsgiu: graphs generated
2025-10-25 14:55:19,267 [INFO] [ok] dOAkHmsjRX: graphs generated
2025-10-25 14:55:19,446 [INFO] [ok] dQ2xiSIYzp: graphs generated
2025-10-25 14:55:19,630 [INFO] [ok] HZVIQE1MsJ: graphs generated
2025-10-25 14:55:19,813 [INFO] [ok] imT03YXlG2: graphs generated
2025-10-25 14:55:19,998 [INFO] [ok] OeKp3AdiVO: graphs generated
2025-10-25 14:55:20,182 [INFO] [ok] Ox4AJ2Vurb: graphs generated
2025-10-25 14:55:20,372 [INFO] [ok] 2MLvV7fvAz: graphs generated
2025-10-25 14:55:20,583 [INFO] [ok] MGKDBuyv4p: graphs generated
2025-10-25 14:55:20,774 [INFO] [ok] X6y5CC44HM: graphs generated
2025-10-25 14:55:20,959 [INFO] [ok] JSB171dSUU: graphs generated
2025-10-25 14:55:21,149 [INFO] [ok] txZVQRc2ab: graphs generated
2025-10-25 14:55:21,338 [INFO] [ok] 78Nn4QJTEN: graphs generated
2025-10-25 14:55:21,534 [INFO] [ok] ud8FtE1N4N: graphs generated
2025-10-25 14:55:21,720 [INFO] [ok] 4O0v4s3IzY: graphs generated
2025-10-25 14:55:21,905 [INFO] [ok] 4rEI2JdHH6: graphs generated
2025-10-25 14:55:22,094 [INFO] [ok] c01YB8pF0s: graphs generated
2025-10-25 14:55:22,279 [INFO] [ok] E1EHO0imOb: graphs generated
2025-10-25 14:55:22,487 [INFO] [ok] ISqx8giekS: graphs generated
2025-10-25 14:55:22,671 [INFO] [ok] mP7uV59iJM: graphs generated
2025-10-25 14:55:22,849 [INFO] [ok] 9mjZ800m7Y: graphs generated
2025-10-25 14:55:23,041 [INFO] [ok] 4GSOESJrk6: graphs generated
2025-10-25 14:55:23,224 [INFO] [ok] aIMi2lOKIn: graphs generated
2025-10-25 14:55:23,406 [INFO] [ok] rfdblE10qm: graphs generated
2025-10-25 14:55:23,588 [INFO] [ok] FpiCLJrSW8: graphs generated
2025-10-25 14:55:23,781 [INFO] [ok] mFY0tPDWK8: graphs generated
2025-10-25 14:55:23,960 [INFO] [ok] v1B4aet9ct: graphs generated
2025-10-25 14:55:24,201 [INFO] [ok] FCMpUOZkxi: graphs generated
2025-10-25 14:55:24,391 [INFO] [ok] Kwo20MWWCb: graphs generated
2025-10-25 14:55:24,570 [INFO] [ok] XdRIno98gG: graphs generated
2025-10-25 14:55:24,761 [INFO] [ok] G0dksFayVq: graphs generated
2025-10-25 14:55:24,959 [INFO] [ok] UvTo3tVBk2: graphs generated
2025-10-25 14:55:25,151 [INFO] [ok] wMgr7wBuUo: graphs generated
2025-10-25 14:55:25,343 [INFO] [ok] LgzRo1RpLS: graphs generated
2025-10-25 14:55:25,530 [INFO] [ok] VOoJEQlLW5: graphs generated
2025-10-25 14:55:25,713 [INFO] [ok] u3TL0qxLWf: graphs generated
2025-10-25 14:55:25,903 [INFO] [ok] 5ck9PIrTpH: graphs generated
2025-10-25 14:55:26,116 [INFO] [ok] 58lbAsXCoZ: graphs generated
2025-10-25 14:55:26,301 [INFO] [ok] L14sqcrUC3: graphs generated
2025-10-25 14:55:26,481 [INFO] [ok] PstM8YfhvI: graphs generated
2025-10-25 14:55:26,481 [INFO] All done. Logs in draw_graph.log
